This is pdfTeX, Version 3.141592653-2.6-1.40.24 (TeX Live 2022/Debian) (preloaded format=pdflatex 2023.1.23)  25 JAN 2023 02:24
entering extended mode
 \write18 enabled.
 file:line:error style messages enabled.
 %&-line parsing enabled.
**/home/quisette/repos/RyuOhTeX/main.tex
(/home/quisette/repos/RyuOhTeX/main.tex
LaTeX2e <2022-06-01> patch level 5
L3 programming layer <2022-07-15> (/usr/share/texlive/texmf-dist/tex/latex/base/article.cls
Document Class: article 2021/10/04 v1.4n Standard LaTeX document class
(/usr/share/texlive/texmf-dist/tex/latex/base/size10.clo
File: size10.clo 2021/10/04 v1.4n Standard LaTeX file (size option)
)
\c@part=\count185
\c@section=\count186
\c@subsection=\count187
\c@subsubsection=\count188
\c@paragraph=\count189
\c@subparagraph=\count190
\c@figure=\count191
\c@table=\count192
\abovecaptionskip=\skip47
\belowcaptionskip=\skip48
\bibindent=\dimen138
) (/usr/share/texmf/tex/latex/CJK/CJKutf8.sty
Package: CJKutf8 2021/10/16 4.8.5
 (/usr/share/texlive/texmf-dist/tex/generic/iftex/ifpdf.sty
Package: ifpdf 2019/10/25 v3.4 ifpdf legacy package. Use iftex instead.
 (/usr/share/texlive/texmf-dist/tex/generic/iftex/iftex.sty
Package: iftex 2022/02/03 v1.0f TeX engine tests
)) (/usr/share/texlive/texmf-dist/tex/latex/base/inputenc.sty
Package: inputenc 2021/02/14 v1.3d Input encoding file
\inpenc@prehook=\toks16
\inpenc@posthook=\toks17
) (/usr/share/texmf/tex/latex/CJK/CJK.sty
Package: CJK 2021/10/16 4.8.5
 (/usr/share/texmf/tex/latex/CJK/mule/MULEenc.sty
Package: MULEenc 2021/10/16 4.8.5
) (/usr/share/texmf/tex/latex/CJK/CJK.enc
File: CJK.enc 2021/10/16 4.8.5
Now handling font encoding C00 ...
... no UTF-8 mapping file for font encoding C00
Now handling font encoding C05 ...
... no UTF-8 mapping file for font encoding C05
Now handling font encoding C09 ...
... no UTF-8 mapping file for font encoding C09
Now handling font encoding C10 ...
... no UTF-8 mapping file for font encoding C10
Now handling font encoding C20 ...
... no UTF-8 mapping file for font encoding C20
Now handling font encoding C19 ...
... no UTF-8 mapping file for font encoding C19
Now handling font encoding C40 ...
... no UTF-8 mapping file for font encoding C40
Now handling font encoding C42 ...
... no UTF-8 mapping file for font encoding C42
Now handling font encoding C43 ...
... no UTF-8 mapping file for font encoding C43
Now handling font encoding C50 ...
... no UTF-8 mapping file for font encoding C50
Now handling font encoding C52 ...
... no UTF-8 mapping file for font encoding C52
Now handling font encoding C49 ...
... no UTF-8 mapping file for font encoding C49
Now handling font encoding C60 ...
... no UTF-8 mapping file for font encoding C60
Now handling font encoding C61 ...
... no UTF-8 mapping file for font encoding C61
Now handling font encoding C63 ...
... no UTF-8 mapping file for font encoding C63
Now handling font encoding C64 ...
... no UTF-8 mapping file for font encoding C64
Now handling font encoding C65 ...
... no UTF-8 mapping file for font encoding C65
Now handling font encoding C70 ...
... no UTF-8 mapping file for font encoding C70
Now handling font encoding C31 ...
... no UTF-8 mapping file for font encoding C31
Now handling font encoding C32 ...
... no UTF-8 mapping file for font encoding C32
Now handling font encoding C33 ...
... no UTF-8 mapping file for font encoding C33
Now handling font encoding C34 ...
... no UTF-8 mapping file for font encoding C34
Now handling font encoding C35 ...
... no UTF-8 mapping file for font encoding C35
Now handling font encoding C36 ...
... no UTF-8 mapping file for font encoding C36
Now handling font encoding C37 ...
... no UTF-8 mapping file for font encoding C37
Now handling font encoding C80 ...
... no UTF-8 mapping file for font encoding C80
Now handling font encoding C81 ...
... no UTF-8 mapping file for font encoding C81
Now handling font encoding C01 ...
... no UTF-8 mapping file for font encoding C01
Now handling font encoding C11 ...
... no UTF-8 mapping file for font encoding C11
Now handling font encoding C21 ...
... no UTF-8 mapping file for font encoding C21
Now handling font encoding C41 ...
... no UTF-8 mapping file for font encoding C41
Now handling font encoding C62 ...
... no UTF-8 mapping file for font encoding C62
)
\CJK@indent=\box51
) (/usr/share/texlive/texmf-dist/tex/latex/base/fontenc.sty
Package: fontenc 2021/04/29 v2.0v Standard LaTeX package
)) (/usr/share/texlive/texmf-dist/tex/latex/hyperref/hyperref.sty
Package: hyperref 2022-06-20 v7.00s Hypertext links for LaTeX
 (/usr/share/texlive/texmf-dist/tex/generic/ltxcmds/ltxcmds.sty
Package: ltxcmds 2020-05-10 v1.25 LaTeX kernel commands for general use (HO)
) (/usr/share/texlive/texmf-dist/tex/generic/pdftexcmds/pdftexcmds.sty
Package: pdftexcmds 2020-06-27 v0.33 Utility functions of pdfTeX for LuaTeX (HO)
 (/usr/share/texlive/texmf-dist/tex/generic/infwarerr/infwarerr.sty
Package: infwarerr 2019/12/03 v1.5 Providing info/warning/error messages (HO)
)
Package pdftexcmds Info: \pdf@primitive is available.
Package pdftexcmds Info: \pdf@ifprimitive is available.
Package pdftexcmds Info: \pdfdraftmode found.
) (/usr/share/texlive/texmf-dist/tex/latex/graphics/keyval.sty
Package: keyval 2022/05/29 v1.15 key=value parser (DPC)
\KV@toks@=\toks18
) (/usr/share/texlive/texmf-dist/tex/generic/kvsetkeys/kvsetkeys.sty
Package: kvsetkeys 2019/12/15 v1.18 Key value parser (HO)
) (/usr/share/texlive/texmf-dist/tex/generic/kvdefinekeys/kvdefinekeys.sty
Package: kvdefinekeys 2019-12-19 v1.6 Define keys (HO)
) (/usr/share/texlive/texmf-dist/tex/generic/pdfescape/pdfescape.sty
Package: pdfescape 2019/12/09 v1.15 Implements pdfTeX's escape features (HO)
) (/usr/share/texlive/texmf-dist/tex/latex/hycolor/hycolor.sty
Package: hycolor 2020-01-27 v1.10 Color options for hyperref/bookmark (HO)
) (/usr/share/texlive/texmf-dist/tex/latex/letltxmacro/letltxmacro.sty
Package: letltxmacro 2019/12/03 v1.6 Let assignment for LaTeX macros (HO)
) (/usr/share/texlive/texmf-dist/tex/latex/auxhook/auxhook.sty
Package: auxhook 2019-12-17 v1.6 Hooks for auxiliary files (HO)
) (/usr/share/texlive/texmf-dist/tex/latex/hyperref/nameref.sty
Package: nameref 2022-05-17 v2.50 Cross-referencing by name of section
 (/usr/share/texlive/texmf-dist/tex/latex/refcount/refcount.sty
Package: refcount 2019/12/15 v3.6 Data extraction from label references (HO)
) (/usr/share/texlive/texmf-dist/tex/generic/gettitlestring/gettitlestring.sty
Package: gettitlestring 2019/12/15 v1.6 Cleanup title references (HO)
 (/usr/share/texlive/texmf-dist/tex/latex/kvoptions/kvoptions.sty
Package: kvoptions 2022-06-15 v3.15 Key value format for package options (HO)
))
\c@section@level=\count193
)
\@linkdim=\dimen139
\Hy@linkcounter=\count194
\Hy@pagecounter=\count195
 (/usr/share/texlive/texmf-dist/tex/latex/hyperref/pd1enc.def
File: pd1enc.def 2022-06-20 v7.00s Hyperref: PDFDocEncoding definition (HO)
Now handling font encoding PD1 ...
... no UTF-8 mapping file for font encoding PD1
) (/usr/share/texlive/texmf-dist/tex/generic/intcalc/intcalc.sty
Package: intcalc 2019/12/15 v1.3 Expandable calculations with integers (HO)
) (/usr/share/texlive/texmf-dist/tex/generic/etexcmds/etexcmds.sty
Package: etexcmds 2019/12/15 v1.7 Avoid name clashes with e-TeX commands (HO)
)
\Hy@SavedSpaceFactor=\count196
 (/usr/share/texlive/texmf-dist/tex/latex/hyperref/puenc.def
File: puenc.def 2022-06-20 v7.00s Hyperref: PDF Unicode definition (HO)
Now handling font encoding PU ...
... no UTF-8 mapping file for font encoding PU
)
Package hyperref Info: Option `colorlinks' set `true' on input line 4045.
Package hyperref Info: Hyper figures OFF on input line 4162.
Package hyperref Info: Link nesting OFF on input line 4167.
Package hyperref Info: Hyper index ON on input line 4170.
Package hyperref Info: Plain pages OFF on input line 4177.
Package hyperref Info: Backreferencing OFF on input line 4182.
Package hyperref Info: Implicit mode ON; LaTeX internals redefined.
Package hyperref Info: Bookmarks ON on input line 4408.
\c@Hy@tempcnt=\count197
 (/usr/share/texlive/texmf-dist/tex/latex/url/url.sty
\Urlmuskip=\muskip16
Package: url 2013/09/16  ver 3.4  Verb mode for urls, etc.
)
LaTeX Info: Redefining \url on input line 4746.
\XeTeXLinkMargin=\dimen140
 (/usr/share/texlive/texmf-dist/tex/generic/bitset/bitset.sty
Package: bitset 2019/12/09 v1.3 Handle bit-vector datatype (HO)
 (/usr/share/texlive/texmf-dist/tex/generic/bigintcalc/bigintcalc.sty
Package: bigintcalc 2019/12/15 v1.5 Expandable calculations on big integers (HO)
))
\Fld@menulength=\count198
\Field@Width=\dimen141
\Fld@charsize=\dimen142
Package hyperref Info: Hyper figures OFF on input line 6024.
Package hyperref Info: Link nesting OFF on input line 6029.
Package hyperref Info: Hyper index ON on input line 6032.
Package hyperref Info: backreferencing OFF on input line 6039.
Package hyperref Info: Link coloring ON on input line 6042.
Package hyperref Info: Link coloring with OCG OFF on input line 6049.
Package hyperref Info: PDF/A mode OFF on input line 6054.
 (/usr/share/texlive/texmf-dist/tex/latex/base/atbegshi-ltx.sty
Package: atbegshi-ltx 2021/01/10 v1.0c Emulation of the original atbegshi
package with kernel methods
)
\Hy@abspage=\count199
\c@Item=\count266
\c@Hfootnote=\count267
)
Package hyperref Info: Driver (autodetected): hpdftex.
 (/usr/share/texlive/texmf-dist/tex/latex/hyperref/hpdftex.def
File: hpdftex.def 2022-06-20 v7.00s Hyperref driver for pdfTeX
 (/usr/share/texlive/texmf-dist/tex/latex/base/atveryend-ltx.sty
Package: atveryend-ltx 2020/08/19 v1.0a Emulation of the original atveryend package
with kernel methods
)
\Fld@listcount=\count268
\c@bookmark@seq@number=\count269
 (/usr/share/texlive/texmf-dist/tex/latex/rerunfilecheck/rerunfilecheck.sty
Package: rerunfilecheck 2022-07-10 v1.10 Rerun checks for auxiliary files (HO)
 (/usr/share/texlive/texmf-dist/tex/generic/uniquecounter/uniquecounter.sty
Package: uniquecounter 2019/12/15 v1.4 Provide unlimited unique counter (HO)
)
Package uniquecounter Info: New unique counter `rerunfilecheck' on input line 285.
)
\Hy@SectionHShift=\skip49
) (/usr/share/texlive/texmf-dist/tex/latex/listings/listings.sty
\lst@mode=\count270
\lst@gtempboxa=\box52
\lst@token=\toks19
\lst@length=\count271
\lst@currlwidth=\dimen143
\lst@column=\count272
\lst@pos=\count273
\lst@lostspace=\dimen144
\lst@width=\dimen145
\lst@newlines=\count274
\lst@lineno=\count275
\lst@maxwidth=\dimen146
 (/usr/share/texlive/texmf-dist/tex/latex/listings/lstmisc.sty
File: lstmisc.sty 2020/03/24 1.8d (Carsten Heinz)
\c@lstnumber=\count276
\lst@skipnumbers=\count277
\lst@framebox=\box53
) (/usr/share/texlive/texmf-dist/tex/latex/listings/listings.cfg
File: listings.cfg 2020/03/24 1.8d listings configuration
))
Package: listings 2020/03/24 1.8d (Carsten Heinz)
 (/usr/share/texlive/texmf-dist/tex/latex/pgf/frontendlayer/tikz.sty (/usr/share/texlive/texmf-dist/tex/latex/pgf/basiclayer/pgf.sty (/usr/share/texlive/texmf-dist/tex/latex/pgf/utilities/pgfrcs.sty (/usr/share/texlive/texmf-dist/tex/generic/pgf/utilities/pgfutil-common.tex
\pgfutil@everybye=\toks20
\pgfutil@tempdima=\dimen147
\pgfutil@tempdimb=\dimen148
 (/usr/share/texlive/texmf-dist/tex/generic/pgf/utilities/pgfutil-common-lists.tex)) (/usr/share/texlive/texmf-dist/tex/generic/pgf/utilities/pgfutil-latex.def
\pgfutil@abb=\box54
) (/usr/share/texlive/texmf-dist/tex/generic/pgf/utilities/pgfrcs.code.tex (/usr/share/texlive/texmf-dist/tex/generic/pgf/pgf.revision.tex)
Package: pgfrcs 2021/05/15 v3.1.9a (3.1.9a)
))
Package: pgf 2021/05/15 v3.1.9a (3.1.9a)
 (/usr/share/texlive/texmf-dist/tex/latex/pgf/basiclayer/pgfcore.sty (/usr/share/texlive/texmf-dist/tex/latex/graphics/graphicx.sty
Package: graphicx 2021/09/16 v1.2d Enhanced LaTeX Graphics (DPC,SPQR)
 (/usr/share/texlive/texmf-dist/tex/latex/graphics/graphics.sty
Package: graphics 2022/03/10 v1.4e Standard LaTeX Graphics (DPC,SPQR)
 (/usr/share/texlive/texmf-dist/tex/latex/graphics/trig.sty
Package: trig 2021/08/11 v1.11 sin cos tan (DPC)
) (/usr/share/texlive/texmf-dist/tex/latex/graphics-cfg/graphics.cfg
File: graphics.cfg 2016/06/04 v1.11 sample graphics configuration
)
Package graphics Info: Driver file: pdftex.def on input line 107.
 (/usr/share/texlive/texmf-dist/tex/latex/graphics-def/pdftex.def
File: pdftex.def 2020/10/05 v1.2a Graphics/color driver for pdftex
))
\Gin@req@height=\dimen149
\Gin@req@width=\dimen150
) (/usr/share/texlive/texmf-dist/tex/latex/pgf/systemlayer/pgfsys.sty (/usr/share/texlive/texmf-dist/tex/generic/pgf/systemlayer/pgfsys.code.tex
Package: pgfsys 2021/05/15 v3.1.9a (3.1.9a)
 (/usr/share/texlive/texmf-dist/tex/generic/pgf/utilities/pgfkeys.code.tex
\pgfkeys@pathtoks=\toks21
\pgfkeys@temptoks=\toks22
 (/usr/share/texlive/texmf-dist/tex/generic/pgf/utilities/pgfkeysfiltered.code.tex
\pgfkeys@tmptoks=\toks23
))
\pgf@x=\dimen151
\pgf@y=\dimen152
\pgf@xa=\dimen153
\pgf@ya=\dimen154
\pgf@xb=\dimen155
\pgf@yb=\dimen156
\pgf@xc=\dimen157
\pgf@yc=\dimen158
\pgf@xd=\dimen159
\pgf@yd=\dimen160
\w@pgf@writea=\write3
\r@pgf@reada=\read2
\c@pgf@counta=\count278
\c@pgf@countb=\count279
\c@pgf@countc=\count280
\c@pgf@countd=\count281
\t@pgf@toka=\toks24
\t@pgf@tokb=\toks25
\t@pgf@tokc=\toks26
\pgf@sys@id@count=\count282
 (/usr/share/texlive/texmf-dist/tex/generic/pgf/systemlayer/pgf.cfg
File: pgf.cfg 2021/05/15 v3.1.9a (3.1.9a)
)
Driver file for pgf: pgfsys-pdftex.def
 (/usr/share/texlive/texmf-dist/tex/generic/pgf/systemlayer/pgfsys-pdftex.def
File: pgfsys-pdftex.def 2021/05/15 v3.1.9a (3.1.9a)
 (/usr/share/texlive/texmf-dist/tex/generic/pgf/systemlayer/pgfsys-common-pdf.def
File: pgfsys-common-pdf.def 2021/05/15 v3.1.9a (3.1.9a)
))) (/usr/share/texlive/texmf-dist/tex/generic/pgf/systemlayer/pgfsyssoftpath.code.tex
File: pgfsyssoftpath.code.tex 2021/05/15 v3.1.9a (3.1.9a)
\pgfsyssoftpath@smallbuffer@items=\count283
\pgfsyssoftpath@bigbuffer@items=\count284
) (/usr/share/texlive/texmf-dist/tex/generic/pgf/systemlayer/pgfsysprotocol.code.tex
File: pgfsysprotocol.code.tex 2021/05/15 v3.1.9a (3.1.9a)
)) (/usr/share/texlive/texmf-dist/tex/latex/xcolor/xcolor.sty
Package: xcolor 2022/06/12 v2.14 LaTeX color extensions (UK)
 (/usr/share/texlive/texmf-dist/tex/latex/graphics-cfg/color.cfg
File: color.cfg 2016/01/02 v1.6 sample color configuration
)
Package xcolor Info: Driver file: pdftex.def on input line 227.
 (/usr/share/texlive/texmf-dist/tex/latex/graphics/mathcolor.ltx)
Package xcolor Info: Model `cmy' substituted by `cmy0' on input line 1353.
Package xcolor Info: Model `hsb' substituted by `rgb' on input line 1357.
Package xcolor Info: Model `RGB' extended on input line 1369.
Package xcolor Info: Model `HTML' substituted by `rgb' on input line 1371.
Package xcolor Info: Model `Hsb' substituted by `hsb' on input line 1372.
Package xcolor Info: Model `tHsb' substituted by `hsb' on input line 1373.
Package xcolor Info: Model `HSB' substituted by `hsb' on input line 1374.
Package xcolor Info: Model `Gray' substituted by `gray' on input line 1375.
Package xcolor Info: Model `wave' substituted by `hsb' on input line 1376.
) (/usr/share/texlive/texmf-dist/tex/generic/pgf/basiclayer/pgfcore.code.tex
Package: pgfcore 2021/05/15 v3.1.9a (3.1.9a)
 (/usr/share/texlive/texmf-dist/tex/generic/pgf/math/pgfmath.code.tex (/usr/share/texlive/texmf-dist/tex/generic/pgf/math/pgfmathcalc.code.tex (/usr/share/texlive/texmf-dist/tex/generic/pgf/math/pgfmathutil.code.tex) (/usr/share/texlive/texmf-dist/tex/generic/pgf/math/pgfmathparser.code.tex
\pgfmath@dimen=\dimen161
\pgfmath@count=\count285
\pgfmath@box=\box55
\pgfmath@toks=\toks27
\pgfmath@stack@operand=\toks28
\pgfmath@stack@operation=\toks29
) (/usr/share/texlive/texmf-dist/tex/generic/pgf/math/pgfmathfunctions.code.tex (/usr/share/texlive/texmf-dist/tex/generic/pgf/math/pgfmathfunctions.basic.code.tex) (/usr/share/texlive/texmf-dist/tex/generic/pgf/math/pgfmathfunctions.trigonometric.code.tex) (/usr/share/texlive/texmf-dist/tex/generic/pgf/math/pgfmathfunctions.random.code.tex) (/usr/share/texlive/texmf-dist/tex/generic/pgf/math/pgfmathfunctions.comparison.code.tex) (/usr/share/texlive/texmf-dist/tex/generic/pgf/math/pgfmathfunctions.base.code.tex) (/usr/share/texlive/texmf-dist/tex/generic/pgf/math/pgfmathfunctions.round.code.tex) (/usr/share/texlive/texmf-dist/tex/generic/pgf/math/pgfmathfunctions.misc.code.tex) (/usr/share/texlive/texmf-dist/tex/generic/pgf/math/pgfmathfunctions.integerarithmetics.code.tex))) (/usr/share/texlive/texmf-dist/tex/generic/pgf/math/pgfmathfloat.code.tex
\c@pgfmathroundto@lastzeros=\count286
)) (/usr/share/texlive/texmf-dist/tex/generic/pgf/math/pgfint.code.tex) (/usr/share/texlive/texmf-dist/tex/generic/pgf/basiclayer/pgfcorepoints.code.tex
File: pgfcorepoints.code.tex 2021/05/15 v3.1.9a (3.1.9a)
\pgf@picminx=\dimen162
\pgf@picmaxx=\dimen163
\pgf@picminy=\dimen164
\pgf@picmaxy=\dimen165
\pgf@pathminx=\dimen166
\pgf@pathmaxx=\dimen167
\pgf@pathminy=\dimen168
\pgf@pathmaxy=\dimen169
\pgf@xx=\dimen170
\pgf@xy=\dimen171
\pgf@yx=\dimen172
\pgf@yy=\dimen173
\pgf@zx=\dimen174
\pgf@zy=\dimen175
) (/usr/share/texlive/texmf-dist/tex/generic/pgf/basiclayer/pgfcorepathconstruct.code.tex
File: pgfcorepathconstruct.code.tex 2021/05/15 v3.1.9a (3.1.9a)
\pgf@path@lastx=\dimen176
\pgf@path@lasty=\dimen177
) (/usr/share/texlive/texmf-dist/tex/generic/pgf/basiclayer/pgfcorepathusage.code.tex
File: pgfcorepathusage.code.tex 2021/05/15 v3.1.9a (3.1.9a)
\pgf@shorten@end@additional=\dimen178
\pgf@shorten@start@additional=\dimen179
) (/usr/share/texlive/texmf-dist/tex/generic/pgf/basiclayer/pgfcorescopes.code.tex
File: pgfcorescopes.code.tex 2021/05/15 v3.1.9a (3.1.9a)
\pgfpic=\box56
\pgf@hbox=\box57
\pgf@layerbox@main=\box58
\pgf@picture@serial@count=\count287
) (/usr/share/texlive/texmf-dist/tex/generic/pgf/basiclayer/pgfcoregraphicstate.code.tex
File: pgfcoregraphicstate.code.tex 2021/05/15 v3.1.9a (3.1.9a)
\pgflinewidth=\dimen180
) (/usr/share/texlive/texmf-dist/tex/generic/pgf/basiclayer/pgfcoretransformations.code.tex
File: pgfcoretransformations.code.tex 2021/05/15 v3.1.9a (3.1.9a)
\pgf@pt@x=\dimen181
\pgf@pt@y=\dimen182
\pgf@pt@temp=\dimen183
) (/usr/share/texlive/texmf-dist/tex/generic/pgf/basiclayer/pgfcorequick.code.tex
File: pgfcorequick.code.tex 2021/05/15 v3.1.9a (3.1.9a)
) (/usr/share/texlive/texmf-dist/tex/generic/pgf/basiclayer/pgfcoreobjects.code.tex
File: pgfcoreobjects.code.tex 2021/05/15 v3.1.9a (3.1.9a)
) (/usr/share/texlive/texmf-dist/tex/generic/pgf/basiclayer/pgfcorepathprocessing.code.tex
File: pgfcorepathprocessing.code.tex 2021/05/15 v3.1.9a (3.1.9a)
) (/usr/share/texlive/texmf-dist/tex/generic/pgf/basiclayer/pgfcorearrows.code.tex
File: pgfcorearrows.code.tex 2021/05/15 v3.1.9a (3.1.9a)
\pgfarrowsep=\dimen184
) (/usr/share/texlive/texmf-dist/tex/generic/pgf/basiclayer/pgfcoreshade.code.tex
File: pgfcoreshade.code.tex 2021/05/15 v3.1.9a (3.1.9a)
\pgf@max=\dimen185
\pgf@sys@shading@range@num=\count288
\pgf@shadingcount=\count289
) (/usr/share/texlive/texmf-dist/tex/generic/pgf/basiclayer/pgfcoreimage.code.tex
File: pgfcoreimage.code.tex 2021/05/15 v3.1.9a (3.1.9a)
 (/usr/share/texlive/texmf-dist/tex/generic/pgf/basiclayer/pgfcoreexternal.code.tex
File: pgfcoreexternal.code.tex 2021/05/15 v3.1.9a (3.1.9a)
\pgfexternal@startupbox=\box59
)) (/usr/share/texlive/texmf-dist/tex/generic/pgf/basiclayer/pgfcorelayers.code.tex
File: pgfcorelayers.code.tex 2021/05/15 v3.1.9a (3.1.9a)
) (/usr/share/texlive/texmf-dist/tex/generic/pgf/basiclayer/pgfcoretransparency.code.tex
File: pgfcoretransparency.code.tex 2021/05/15 v3.1.9a (3.1.9a)
) (/usr/share/texlive/texmf-dist/tex/generic/pgf/basiclayer/pgfcorepatterns.code.tex
File: pgfcorepatterns.code.tex 2021/05/15 v3.1.9a (3.1.9a)
) (/usr/share/texlive/texmf-dist/tex/generic/pgf/basiclayer/pgfcorerdf.code.tex
File: pgfcorerdf.code.tex 2021/05/15 v3.1.9a (3.1.9a)
))) (/usr/share/texlive/texmf-dist/tex/generic/pgf/modules/pgfmoduleshapes.code.tex
File: pgfmoduleshapes.code.tex 2021/05/15 v3.1.9a (3.1.9a)
\pgfnodeparttextbox=\box60
) (/usr/share/texlive/texmf-dist/tex/generic/pgf/modules/pgfmoduleplot.code.tex
File: pgfmoduleplot.code.tex 2021/05/15 v3.1.9a (3.1.9a)
) (/usr/share/texlive/texmf-dist/tex/latex/pgf/compatibility/pgfcomp-version-0-65.sty
Package: pgfcomp-version-0-65 2021/05/15 v3.1.9a (3.1.9a)
\pgf@nodesepstart=\dimen186
\pgf@nodesepend=\dimen187
) (/usr/share/texlive/texmf-dist/tex/latex/pgf/compatibility/pgfcomp-version-1-18.sty
Package: pgfcomp-version-1-18 2021/05/15 v3.1.9a (3.1.9a)
)) (/usr/share/texlive/texmf-dist/tex/latex/pgf/utilities/pgffor.sty (/usr/share/texlive/texmf-dist/tex/latex/pgf/utilities/pgfkeys.sty (/usr/share/texlive/texmf-dist/tex/generic/pgf/utilities/pgfkeys.code.tex)) (/usr/share/texlive/texmf-dist/tex/latex/pgf/math/pgfmath.sty (/usr/share/texlive/texmf-dist/tex/generic/pgf/math/pgfmath.code.tex)) (/usr/share/texlive/texmf-dist/tex/generic/pgf/utilities/pgffor.code.tex
Package: pgffor 2021/05/15 v3.1.9a (3.1.9a)
 (/usr/share/texlive/texmf-dist/tex/generic/pgf/math/pgfmath.code.tex)
\pgffor@iter=\dimen188
\pgffor@skip=\dimen189
\pgffor@stack=\toks30
\pgffor@toks=\toks31
)) (/usr/share/texlive/texmf-dist/tex/generic/pgf/frontendlayer/tikz/tikz.code.tex
Package: tikz 2021/05/15 v3.1.9a (3.1.9a)
 (/usr/share/texlive/texmf-dist/tex/generic/pgf/libraries/pgflibraryplothandlers.code.tex
File: pgflibraryplothandlers.code.tex 2021/05/15 v3.1.9a (3.1.9a)
\pgf@plot@mark@count=\count290
\pgfplotmarksize=\dimen190
)
\tikz@lastx=\dimen191
\tikz@lasty=\dimen192
\tikz@lastxsaved=\dimen193
\tikz@lastysaved=\dimen194
\tikz@lastmovetox=\dimen195
\tikz@lastmovetoy=\dimen196
\tikzleveldistance=\dimen197
\tikzsiblingdistance=\dimen198
\tikz@figbox=\box61
\tikz@figbox@bg=\box62
\tikz@tempbox=\box63
\tikz@tempbox@bg=\box64
\tikztreelevel=\count291
\tikznumberofchildren=\count292
\tikznumberofcurrentchild=\count293
\tikz@fig@count=\count294
 (/usr/share/texlive/texmf-dist/tex/generic/pgf/modules/pgfmodulematrix.code.tex
File: pgfmodulematrix.code.tex 2021/05/15 v3.1.9a (3.1.9a)
\pgfmatrixcurrentrow=\count295
\pgfmatrixcurrentcolumn=\count296
\pgf@matrix@numberofcolumns=\count297
)
\tikz@expandcount=\count298
 (/usr/share/texlive/texmf-dist/tex/generic/pgf/frontendlayer/tikz/libraries/tikzlibrarytopaths.code.tex
File: tikzlibrarytopaths.code.tex 2021/05/15 v3.1.9a (3.1.9a)
))) (/usr/share/texlive/texmf-dist/tex/latex/bxcjkjatype/bxcjkjatype.sty
Package: bxcjkjatype 2016/10/15 v0.3
Package bxcjkjatype Info: Driver auto-detected: pdftex on input line 144.
 (/usr/share/texmf/tex/latex/CJK/CJKspace.sty
Package: CJKspace 2021/10/16 3.8.0
) (/usr/share/texlive/texmf-dist/tex/latex/cjkpunct/CJKpunct.sty
Package: CJKpunct 2016/05/14 4.8.4
\CJKpunct@cnta=\count299
\CJKpunct@cntb=\count300
\CJKpunct@cntc=\count301
\CJKpunct@cntd=\count302
\CJKpunct@cnte=\count303
   defining Unicode char U+2018 (decimal 8216)
   defining Unicode char U+2019 (decimal 8217)
   defining Unicode char U+201C (decimal 8220)
   defining Unicode char U+201D (decimal 8221)
   defining Unicode char U+2014 (decimal 8212)
   defining Unicode char U+2026 (decimal 8230)
 (/usr/share/texlive/texmf-dist/tex/latex/cjkpunct/CJKpunct.spa)) (/usr/share/texlive/texmf-dist/tex/latex/etoolbox/etoolbox.sty
Package: etoolbox 2020/10/05 v2.5k e-TeX tools for LaTeX (JAW)
\etb@tempcnta=\count304
) (/usr/share/texmf/tex/latex/CJK/UTF8/UTF8.bdg
File: UTF8.bdg 2021/10/16 4.8.5
)) (./RyuOhTeX.sty (./tex/RyuOhTeX.sty
RyuOhTeX Ver.1.0 (2023.01.24)
\x=\count305
\y=\count306
\z=\count307
\w=\count308
\h=\count309
\cx=\count310
\cxx=\count311
\cy=\count312
\cyy=\count313
\ch=\count314
\chh=\count315
\cw=\count316
\cww=\count317
\cmochi=\count318
\cmochii=\count319
\cmochix=\count320
\cmochiy=\count321
\cmochixx=\count322
\cmochiyy=\count323
\cmochiybase=\count324
\cmochiyybase=\count325
\thickaxis=\dimen199
\thinaxis=\dimen256
(./tex/fonts.sty) (./tex/komaji.sty) (./tex/kifu.sty
\mvcount=\count326
) (./tex/bannmenn.sty))) (/usr/share/texlive/texmf-dist/tex/latex/amsmath/amsmath.sty
Package: amsmath 2022/04/08 v2.17n AMS math features
\@mathmargin=\skip50

For additional information on amsmath, use the `?' option.
(/usr/share/texlive/texmf-dist/tex/latex/amsmath/amstext.sty
Package: amstext 2021/08/26 v2.01 AMS text
 (/usr/share/texlive/texmf-dist/tex/latex/amsmath/amsgen.sty
File: amsgen.sty 1999/11/30 v2.0 generic functions
\@emptytoks=\toks32
\ex@=\dimen257
)) (/usr/share/texlive/texmf-dist/tex/latex/amsmath/amsbsy.sty
Package: amsbsy 1999/11/29 v1.2d Bold Symbols
\pmbraise@=\dimen258
) (/usr/share/texlive/texmf-dist/tex/latex/amsmath/amsopn.sty
Package: amsopn 2022/04/08 v2.04 operator names
)
\inf@bad=\count327
LaTeX Info: Redefining \frac on input line 234.
\uproot@=\count328
\leftroot@=\count329
LaTeX Info: Redefining \overline on input line 399.
LaTeX Info: Redefining \colon on input line 410.
\classnum@=\count330
\DOTSCASE@=\count331
LaTeX Info: Redefining \ldots on input line 496.
LaTeX Info: Redefining \dots on input line 499.
LaTeX Info: Redefining \cdots on input line 620.
\Mathstrutbox@=\box65
\strutbox@=\box66
LaTeX Info: Redefining \big on input line 722.
LaTeX Info: Redefining \Big on input line 723.
LaTeX Info: Redefining \bigg on input line 724.
LaTeX Info: Redefining \Bigg on input line 725.
\big@size=\dimen259
LaTeX Font Info:    Redeclaring font encoding OML on input line 743.
LaTeX Font Info:    Redeclaring font encoding OMS on input line 744.
\macc@depth=\count332
LaTeX Info: Redefining \bmod on input line 905.
LaTeX Info: Redefining \pmod on input line 910.
LaTeX Info: Redefining \smash on input line 940.
LaTeX Info: Redefining \relbar on input line 970.
LaTeX Info: Redefining \Relbar on input line 971.
\c@MaxMatrixCols=\count333
\dotsspace@=\muskip17
\c@parentequation=\count334
\dspbrk@lvl=\count335
\tag@help=\toks33
\row@=\count336
\column@=\count337
\maxfields@=\count338
\andhelp@=\toks34
\eqnshift@=\dimen260
\alignsep@=\dimen261
\tagshift@=\dimen262
\tagwidth@=\dimen263
\totwidth@=\dimen264
\lineht@=\dimen265
\@envbody=\toks35
\multlinegap=\skip51
\multlinetaggap=\skip52
\mathdisplay@stack=\toks36
LaTeX Info: Redefining \[ on input line 2953.
LaTeX Info: Redefining \] on input line 2954.
) (/usr/share/texlive/texmf-dist/tex/latex/l3backend/l3backend-pdftex.def
File: l3backend-pdftex.def 2022-07-01 L3 backend support: PDF output (pdfTeX)
\l__color_backend_stack_int=\count339
\l__pdf_internal_box=\box67
) (./main.aux

LaTeX Warning: Label `fig:side:a' multiply defined.


LaTeX Warning: Label `fig:side:b' multiply defined.


LaTeX Warning: Label `fig:side:a' multiply defined.


LaTeX Warning: Label `fig:side:b' multiply defined.

)
\openout1 = `main.aux'.

LaTeX Font Info:    Checking defaults for OML/cmm/m/it on input line 39.
LaTeX Font Info:    ... okay on input line 39.
LaTeX Font Info:    Checking defaults for OMS/cmsy/m/n on input line 39.
LaTeX Font Info:    ... okay on input line 39.
LaTeX Font Info:    Checking defaults for OT1/cmr/m/n on input line 39.
LaTeX Font Info:    ... okay on input line 39.
LaTeX Font Info:    Checking defaults for T1/cmr/m/n on input line 39.
LaTeX Font Info:    ... okay on input line 39.
LaTeX Font Info:    Checking defaults for TS1/cmr/m/n on input line 39.
LaTeX Font Info:    ... okay on input line 39.
LaTeX Font Info:    Checking defaults for OMX/cmex/m/n on input line 39.
LaTeX Font Info:    ... okay on input line 39.
LaTeX Font Info:    Checking defaults for U/cmr/m/n on input line 39.
LaTeX Font Info:    ... okay on input line 39.
LaTeX Font Info:    Checking defaults for C00/song/m/n on input line 39.
LaTeX Font Info:    ... okay on input line 39.
LaTeX Font Info:    Checking defaults for C05/song/m/n on input line 39.
LaTeX Font Info:    ... okay on input line 39.
LaTeX Font Info:    Checking defaults for C09/song/m/n on input line 39.
LaTeX Font Info:    ... okay on input line 39.
LaTeX Font Info:    Checking defaults for C10/song/m/n on input line 39.
LaTeX Font Info:    ... okay on input line 39.
LaTeX Font Info:    Checking defaults for C20/song/m/n on input line 39.
LaTeX Font Info:    ... okay on input line 39.
LaTeX Font Info:    Checking defaults for C19/song/m/n on input line 39.
LaTeX Font Info:    ... okay on input line 39.
LaTeX Font Info:    Checking defaults for C40/song/m/n on input line 39.
LaTeX Font Info:    ... okay on input line 39.
LaTeX Font Info:    Checking defaults for C42/song/m/n on input line 39.
LaTeX Font Info:    ... okay on input line 39.
LaTeX Font Info:    Checking defaults for C43/song/m/n on input line 39.
LaTeX Font Info:    ... okay on input line 39.
LaTeX Font Info:    Checking defaults for C50/song/m/n on input line 39.
LaTeX Font Info:    ... okay on input line 39.
LaTeX Font Info:    Checking defaults for C52/song/m/n on input line 39.
LaTeX Font Info:    ... okay on input line 39.
LaTeX Font Info:    Checking defaults for C49/song/m/n on input line 39.
LaTeX Font Info:    ... okay on input line 39.
LaTeX Font Info:    Checking defaults for C60/mj/m/n on input line 39.
LaTeX Font Info:    ... okay on input line 39.
LaTeX Font Info:    Checking defaults for C61/mj/m/n on input line 39.
LaTeX Font Info:    ... okay on input line 39.
LaTeX Font Info:    Checking defaults for C63/mj/m/n on input line 39.
LaTeX Font Info:    ... okay on input line 39.
LaTeX Font Info:    Checking defaults for C64/mj/m/n on input line 39.
LaTeX Font Info:    ... okay on input line 39.
LaTeX Font Info:    Checking defaults for C65/mj/m/n on input line 39.
LaTeX Font Info:    ... okay on input line 39.
LaTeX Font Info:    Checking defaults for C70/song/m/n on input line 39.
LaTeX Font Info:    ... okay on input line 39.
LaTeX Font Info:    Checking defaults for C31/song/m/n on input line 39.
LaTeX Font Info:    ... okay on input line 39.
LaTeX Font Info:    Checking defaults for C32/song/m/n on input line 39.
LaTeX Font Info:    ... okay on input line 39.
LaTeX Font Info:    Checking defaults for C33/song/m/n on input line 39.
LaTeX Font Info:    ... okay on input line 39.
LaTeX Font Info:    Checking defaults for C34/song/m/n on input line 39.
LaTeX Font Info:    ... okay on input line 39.
LaTeX Font Info:    Checking defaults for C35/song/m/n on input line 39.
LaTeX Font Info:    ... okay on input line 39.
LaTeX Font Info:    Checking defaults for C36/song/m/n on input line 39.
LaTeX Font Info:    ... okay on input line 39.
LaTeX Font Info:    Checking defaults for C37/song/m/n on input line 39.
LaTeX Font Info:    ... okay on input line 39.
LaTeX Font Info:    Checking defaults for C80/song/m/n on input line 39.
LaTeX Font Info:    ... okay on input line 39.
LaTeX Font Info:    Checking defaults for C81/song/m/n on input line 39.
LaTeX Font Info:    ... okay on input line 39.
LaTeX Font Info:    Checking defaults for C01/song/m/n on input line 39.
LaTeX Font Info:    ... okay on input line 39.
LaTeX Font Info:    Checking defaults for C11/song/m/n on input line 39.
LaTeX Font Info:    ... okay on input line 39.
LaTeX Font Info:    Checking defaults for C21/song/m/n on input line 39.
LaTeX Font Info:    ... okay on input line 39.
LaTeX Font Info:    Checking defaults for C41/song/m/n on input line 39.
LaTeX Font Info:    ... okay on input line 39.
LaTeX Font Info:    Checking defaults for C62/song/m/n on input line 39.
LaTeX Font Info:    ... okay on input line 39.
LaTeX Font Info:    Checking defaults for PD1/pdf/m/n on input line 39.
LaTeX Font Info:    ... okay on input line 39.
LaTeX Font Info:    Checking defaults for PU/pdf/m/n on input line 39.
LaTeX Font Info:    ... okay on input line 39.
Package hyperref Info: Link coloring ON on input line 39.
 (./main.out) (./main.out)
\@outlinefile=\write4
\openout4 = `main.out'.

\c@lstlisting=\count340
 (/usr/share/texlive/texmf-dist/tex/context/base/mkii/supp-pdf.mkii
[Loading MPS to PDF converter (version 2006.09.02).]
\scratchcounter=\count341
\scratchdimen=\dimen266
\scratchbox=\box68
\nofMPsegments=\count342
\nofMParguments=\count343
\everyMPshowfont=\toks37
\MPscratchCnt=\count344
\MPscratchDim=\dimen267
\MPnumerator=\count345
\makeMPintoPDFobject=\count346
\everyMPtoPDFconversion=\toks38
) (/usr/share/texlive/texmf-dist/tex/latex/epstopdf-pkg/epstopdf-base.sty
Package: epstopdf-base 2020-01-24 v2.11 Base part for package epstopdf
 (/usr/share/texlive/texmf-dist/tex/latex/grfext/grfext.sty
Package: grfext 2019/12/03 v1.3 Manage graphics extensions (HO)
)
Package epstopdf-base Info: Redefining graphics rule for `.eps' on input line 485.
Package grfext Info: Graphics extension search list:
(grfext)             [.pdf,.png,.jpg,.mps,.jpeg,.jbig2,.jb2,.PDF,.PNG,.JPG,.JPEG,.JBIG2,.JB2,.eps]
(grfext)             \AppendGraphicsExtensions on input line 504.
 (/usr/share/texlive/texmf-dist/tex/latex/latexconfig/epstopdf-sys.cfg
File: epstopdf-sys.cfg 2010/07/13 v1.3 Configuration of (r)epstopdf for TeX Live
)) (/usr/share/texmf/tex/latex/CJK/UTF8/UTF8.enc
File: UTF8.enc 2021/10/16 4.8.5
) (/usr/share/texmf/tex/latex/CJK/UTF8/UTF8.chr
File: UTF8.chr 2021/10/16 4.8.5
)
LaTeX Font Info:    Font shape `C70/mc/m/n' will be
(Font)              scaled to size 17.28pt on input line 46.
Package CJKpunct Info: punctuation spaces for family 'mc' do not exist. Use family 'def' instead. on input line 46.
 (./main.toc
LaTeX Font Info:    Font shape `C70/mc/bx/n'
(Font)              in size <10> not available.
(Font)              Font shape `C70/gt/m/n'
(Font)              tried instead on input line 1.
LaTeX Font Info:    Font shape `C70/gt/m/n' will be
(Font)              scaled to size 10.0pt on input line 1.
LaTeX Font Info:    Font shape `C70/mc/m/n' will be
(Font)              scaled to size 10.0pt on input line 4.
)
\tf@toc=\write5
\openout5 = `main.toc'.

LaTeX Font Info:    Font shape `C70/mc/bx/n'
(Font)              in size <14.4> not available.
(Font)              Font shape `C70/gt/m/n'
(Font)              tried instead on input line 49.
LaTeX Font Info:    Font shape `C70/gt/m/n' will be
(Font)              scaled to size 14.4pt on input line 49.
 [1

{/var/lib/texmf/fonts/map/pdftex/updmap/pdftex.map}]
LaTeX Font Info:    Font shape `C70/mc/bx/n'
(Font)              in size <12> not available.
(Font)              Font shape `C70/gt/m/n'
(Font)              tried instead on input line 55.
LaTeX Font Info:    Font shape `C70/gt/m/n' will be
(Font)              scaled to size 12.0pt on input line 55.
LaTeX Font Info:    Font shape `C70/mc/m/n' will be
(Font)              scaled to size 8.0pt on input line 62.
LaTeX Font Info:    Font shape `C70/mc/m/n' will be
(Font)              scaled to size 9.0pt on input line 62.
LaTeX Font Info:    Font shape `C70/mc/m/n' will be
(Font)              scaled to size 12.0pt on input line 68.
<Portella_2moji/KY.png, id=128, 249.93375pt x 256.96pt>
File: Portella_2moji/KY.png Graphic file (type png)
<use Portella_2moji/KY.png>
Package pdftex.def Info: Portella_2moji/KY.png  used on input line 95.
(pdftex.def)             Requested size: 12.0pt x 12.33511pt.
<Portella_2moji/GY.png, id=129, 249.93375pt x 256.96pt>
File: Portella_2moji/GY.png Graphic file (type png)
<use Portella_2moji/GY.png>
Package pdftex.def Info: Portella_2moji/GY.png  used on input line 95.
(pdftex.def)             Requested size: 12.0pt x 12.33511pt.
<Portella_2moji/FU.png, id=130, 249.93375pt x 256.96pt>
File: Portella_2moji/FU.png Graphic file (type png)
<use Portella_2moji/FU.png>
Package pdftex.def Info: Portella_2moji/FU.png  used on input line 95.
(pdftex.def)             Requested size: 12.0pt x 12.33511pt.
File: Portella_2moji/FU.png Graphic file (type png)
<use Portella_2moji/FU.png>
Package pdftex.def Info: Portella_2moji/FU.png  used on input line 95.
(pdftex.def)             Requested size: 12.0pt x 12.33511pt.
File: Portella_2moji/KY.png Graphic file (type png)
<use Portella_2moji/KY.png>
Package pdftex.def Info: Portella_2moji/KY.png  used on input line 95.
(pdftex.def)             Requested size: 12.0pt x 12.33511pt.
File: Portella_2moji/FU.png Graphic file (type png)
<use Portella_2moji/FU.png>
Package pdftex.def Info: Portella_2moji/FU.png  used on input line 95.
(pdftex.def)             Requested size: 12.0pt x 12.33511pt.
<Portella_2moji/KI.png, id=131, 249.93375pt x 256.96pt>
File: Portella_2moji/KI.png Graphic file (type png)
<use Portella_2moji/KI.png>
Package pdftex.def Info: Portella_2moji/KI.png  used on input line 95.
(pdftex.def)             Requested size: 12.0pt x 12.33511pt.
<Portella_2moji/NG.png, id=132, 249.93375pt x 256.96pt>
File: Portella_2moji/NG.png Graphic file (type png)
<use Portella_2moji/NG.png>
Package pdftex.def Info: Portella_2moji/NG.png  used on input line 95.
(pdftex.def)             Requested size: 12.0pt x 12.33511pt.
File: Portella_2moji/FU.png Graphic file (type png)
<use Portella_2moji/FU.png>
Package pdftex.def Info: Portella_2moji/FU.png  used on input line 95.
(pdftex.def)             Requested size: 12.0pt x 12.33511pt.
<Portella_2moji/KE.png, id=133, 249.93375pt x 256.96pt>
File: Portella_2moji/KE.png Graphic file (type png)
<use Portella_2moji/KE.png>
Package pdftex.def Info: Portella_2moji/KE.png  used on input line 95.
(pdftex.def)             Requested size: 12.0pt x 12.33511pt.
File: Portella_2moji/KI.png Graphic file (type png)
<use Portella_2moji/KI.png>
Package pdftex.def Info: Portella_2moji/KI.png  used on input line 95.
(pdftex.def)             Requested size: 12.0pt x 12.33511pt.
File: Portella_2moji/FU.png Graphic file (type png)
<use Portella_2moji/FU.png>
Package pdftex.def Info: Portella_2moji/FU.png  used on input line 95.
(pdftex.def)             Requested size: 12.0pt x 12.33511pt.
File: Portella_2moji/FU.png Graphic file (type png)
<use Portella_2moji/FU.png>
Package pdftex.def Info: Portella_2moji/FU.png  used on input line 95.
(pdftex.def)             Requested size: 12.0pt x 12.33511pt.
<Portella_2moji/RY.png, id=134, 249.93375pt x 256.96pt>
File: Portella_2moji/RY.png Graphic file (type png)
<use Portella_2moji/RY.png>
Package pdftex.def Info: Portella_2moji/RY.png  used on input line 95.
(pdftex.def)             Requested size: 12.0pt x 12.33511pt.
<Portella_2moji/HI.png, id=135, 249.93375pt x 256.96pt>
File: Portella_2moji/HI.png Graphic file (type png)
<use Portella_2moji/HI.png>
Package pdftex.def Info: Portella_2moji/HI.png  used on input line 95.
(pdftex.def)             Requested size: 12.0pt x 12.33511pt.
File: Portella_2moji/KI.png Graphic file (type png)
<use Portella_2moji/KI.png>
Package pdftex.def Info: Portella_2moji/KI.png  used on input line 95.
(pdftex.def)             Requested size: 12.0pt x 12.33511pt.
File: Portella_2moji/FU.png Graphic file (type png)
<use Portella_2moji/FU.png>
Package pdftex.def Info: Portella_2moji/FU.png  used on input line 95.
(pdftex.def)             Requested size: 12.0pt x 12.33511pt.
File: Portella_2moji/FU.png Graphic file (type png)
<use Portella_2moji/FU.png>
Package pdftex.def Info: Portella_2moji/FU.png  used on input line 95.
(pdftex.def)             Requested size: 12.0pt x 12.33511pt.
<Portella_2moji/GI.png, id=136, 249.93375pt x 256.96pt>
File: Portella_2moji/GI.png Graphic file (type png)
<use Portella_2moji/GI.png>
Package pdftex.def Info: Portella_2moji/GI.png  used on input line 95.
(pdftex.def)             Requested size: 12.0pt x 12.33511pt.
<Portella_2moji/OU.png, id=137, 249.93375pt x 256.96pt>
File: Portella_2moji/OU.png Graphic file (type png)
<use Portella_2moji/OU.png>
Package pdftex.def Info: Portella_2moji/OU.png  used on input line 95.
(pdftex.def)             Requested size: 12.0pt x 12.33511pt.
File: Portella_2moji/KE.png Graphic file (type png)
<use Portella_2moji/KE.png>
Package pdftex.def Info: Portella_2moji/KE.png  used on input line 95.
(pdftex.def)             Requested size: 12.0pt x 12.33511pt.
File: Portella_2moji/FU.png Graphic file (type png)
<use Portella_2moji/FU.png>
Package pdftex.def Info: Portella_2moji/FU.png  used on input line 95.
(pdftex.def)             Requested size: 12.0pt x 12.33511pt.
File: Portella_2moji/FU.png Graphic file (type png)
<use Portella_2moji/FU.png>
Package pdftex.def Info: Portella_2moji/FU.png  used on input line 95.
(pdftex.def)             Requested size: 12.0pt x 12.33511pt.
File: Portella_2moji/KE.png Graphic file (type png)
<use Portella_2moji/KE.png>
Package pdftex.def Info: Portella_2moji/KE.png  used on input line 95.
(pdftex.def)             Requested size: 12.0pt x 12.33511pt.
File: Portella_2moji/KY.png Graphic file (type png)
<use Portella_2moji/KY.png>
Package pdftex.def Info: Portella_2moji/KY.png  used on input line 95.
(pdftex.def)             Requested size: 12.0pt x 12.33511pt.
File: Portella_2moji/FU.png Graphic file (type png)
<use Portella_2moji/FU.png>
Package pdftex.def Info: Portella_2moji/FU.png  used on input line 95.
(pdftex.def)             Requested size: 12.0pt x 12.33511pt.
File: Portella_2moji/FU.png Graphic file (type png)
<use Portella_2moji/FU.png>
Package pdftex.def Info: Portella_2moji/FU.png  used on input line 95.
(pdftex.def)             Requested size: 12.0pt x 12.33511pt.
File: Portella_2moji/KY.png Graphic file (type png)
<use Portella_2moji/KY.png>
Package pdftex.def Info: Portella_2moji/KY.png  used on input line 95.
(pdftex.def)             Requested size: 12.0pt x 12.33511pt.
<Portella_2moji/KA.png, id=138, 249.93375pt x 256.96pt>
File: Portella_2moji/KA.png Graphic file (type png)
<use Portella_2moji/KA.png>
Package pdftex.def Info: Portella_2moji/KA.png  used on input line 95.
(pdftex.def)             Requested size: 12.0pt x 12.33511pt.
File: Portella_2moji/KI.png Graphic file (type png)
<use Portella_2moji/KI.png>
Package pdftex.def Info: Portella_2moji/KI.png  used on input line 95.
(pdftex.def)             Requested size: 12.0pt x 12.33511pt.
File: Portella_2moji/GI.png Graphic file (type png)
<use Portella_2moji/GI.png>
Package pdftex.def Info: Portella_2moji/GI.png  used on input line 95.
(pdftex.def)             Requested size: 12.0pt x 12.33511pt.
File: Portella_2moji/KE.png Graphic file (type png)
<use Portella_2moji/KE.png>
Package pdftex.def Info: Portella_2moji/KE.png  used on input line 95.
(pdftex.def)             Requested size: 12.0pt x 12.33511pt.
File: Portella_2moji/FU.png Graphic file (type png)
<use Portella_2moji/FU.png>
Package pdftex.def Info: Portella_2moji/FU.png  used on input line 95.
(pdftex.def)             Requested size: 12.0pt x 12.33511pt.
<Portella/KY.png, id=139, 249.93375pt x 256.96pt>
File: Portella/KY.png Graphic file (type png)
<use Portella/KY.png>
Package pdftex.def Info: Portella/KY.png  used on input line 111.
(pdftex.def)             Requested size: 12.0pt x 12.33511pt.
<Portella/GY.png, id=140, 249.93375pt x 256.96pt>
File: Portella/GY.png Graphic file (type png)
<use Portella/GY.png>
Package pdftex.def Info: Portella/GY.png  used on input line 111.
(pdftex.def)             Requested size: 12.0pt x 12.33511pt.
<Portella/FU.png, id=141, 249.93375pt x 256.96pt>
File: Portella/FU.png Graphic file (type png)
<use Portella/FU.png>
Package pdftex.def Info: Portella/FU.png  used on input line 111.
(pdftex.def)             Requested size: 12.0pt x 12.33511pt.
File: Portella/FU.png Graphic file (type png)
<use Portella/FU.png>
Package pdftex.def Info: Portella/FU.png  used on input line 111.
(pdftex.def)             Requested size: 12.0pt x 12.33511pt.
File: Portella/KY.png Graphic file (type png)
<use Portella/KY.png>
Package pdftex.def Info: Portella/KY.png  used on input line 111.
(pdftex.def)             Requested size: 12.0pt x 12.33511pt.
File: Portella/FU.png Graphic file (type png)
<use Portella/FU.png>
Package pdftex.def Info: Portella/FU.png  used on input line 111.
(pdftex.def)             Requested size: 12.0pt x 12.33511pt.
<Portella/KI.png, id=142, 249.93375pt x 256.96pt>
File: Portella/KI.png Graphic file (type png)
<use Portella/KI.png>
Package pdftex.def Info: Portella/KI.png  used on input line 111.
(pdftex.def)             Requested size: 12.0pt x 12.33511pt.
<Portella/NG.png, id=143, 249.93375pt x 256.96pt>
File: Portella/NG.png Graphic file (type png)
<use Portella/NG.png>
Package pdftex.def Info: Portella/NG.png  used on input line 111.
(pdftex.def)             Requested size: 12.0pt x 12.33511pt.
File: Portella/FU.png Graphic file (type png)
<use Portella/FU.png>
Package pdftex.def Info: Portella/FU.png  used on input line 111.
(pdftex.def)             Requested size: 12.0pt x 12.33511pt.
<Portella/KE.png, id=144, 249.93375pt x 256.96pt>
File: Portella/KE.png Graphic file (type png)
<use Portella/KE.png>
Package pdftex.def Info: Portella/KE.png  used on input line 111.
(pdftex.def)             Requested size: 12.0pt x 12.33511pt.
File: Portella/KI.png Graphic file (type png)
<use Portella/KI.png>
Package pdftex.def Info: Portella/KI.png  used on input line 111.
(pdftex.def)             Requested size: 12.0pt x 12.33511pt.
File: Portella/FU.png Graphic file (type png)
<use Portella/FU.png>
Package pdftex.def Info: Portella/FU.png  used on input line 111.
(pdftex.def)             Requested size: 12.0pt x 12.33511pt.
File: Portella/FU.png Graphic file (type png)
<use Portella/FU.png>
Package pdftex.def Info: Portella/FU.png  used on input line 111.
(pdftex.def)             Requested size: 12.0pt x 12.33511pt.
<Portella/RY.png, id=145, 249.93375pt x 256.96pt>
File: Portella/RY.png Graphic file (type png)
<use Portella/RY.png>
Package pdftex.def Info: Portella/RY.png  used on input line 111.
(pdftex.def)             Requested size: 12.0pt x 12.33511pt.
<Portella/HI.png, id=146, 249.93375pt x 256.96pt>
File: Portella/HI.png Graphic file (type png)
<use Portella/HI.png>
Package pdftex.def Info: Portella/HI.png  used on input line 111.
(pdftex.def)             Requested size: 12.0pt x 12.33511pt.
File: Portella/KI.png Graphic file (type png)
<use Portella/KI.png>
Package pdftex.def Info: Portella/KI.png  used on input line 111.
(pdftex.def)             Requested size: 12.0pt x 12.33511pt.
File: Portella/FU.png Graphic file (type png)
<use Portella/FU.png>
Package pdftex.def Info: Portella/FU.png  used on input line 111.
(pdftex.def)             Requested size: 12.0pt x 12.33511pt.
File: Portella/FU.png Graphic file (type png)
<use Portella/FU.png>
Package pdftex.def Info: Portella/FU.png  used on input line 111.
(pdftex.def)             Requested size: 12.0pt x 12.33511pt.
<Portella/GI.png, id=147, 249.93375pt x 256.96pt>
File: Portella/GI.png Graphic file (type png)
<use Portella/GI.png>
Package pdftex.def Info: Portella/GI.png  used on input line 111.
(pdftex.def)             Requested size: 12.0pt x 12.33511pt.
<Portella/OU.png, id=148, 249.93375pt x 256.96pt>
File: Portella/OU.png Graphic file (type png)
<use Portella/OU.png>
Package pdftex.def Info: Portella/OU.png  used on input line 111.
(pdftex.def)             Requested size: 12.0pt x 12.33511pt.
File: Portella/KE.png Graphic file (type png)
<use Portella/KE.png>
Package pdftex.def Info: Portella/KE.png  used on input line 111.
(pdftex.def)             Requested size: 12.0pt x 12.33511pt.
File: Portella/FU.png Graphic file (type png)
<use Portella/FU.png>
Package pdftex.def Info: Portella/FU.png  used on input line 111.
(pdftex.def)             Requested size: 12.0pt x 12.33511pt.
File: Portella/FU.png Graphic file (type png)
<use Portella/FU.png>
Package pdftex.def Info: Portella/FU.png  used on input line 111.
(pdftex.def)             Requested size: 12.0pt x 12.33511pt.
File: Portella/KE.png Graphic file (type png)
<use Portella/KE.png>
Package pdftex.def Info: Portella/KE.png  used on input line 111.
(pdftex.def)             Requested size: 12.0pt x 12.33511pt.
File: Portella/KY.png Graphic file (type png)
<use Portella/KY.png>
Package pdftex.def Info: Portella/KY.png  used on input line 111.
(pdftex.def)             Requested size: 12.0pt x 12.33511pt.
File: Portella/FU.png Graphic file (type png)
<use Portella/FU.png>
Package pdftex.def Info: Portella/FU.png  used on input line 111.
(pdftex.def)             Requested size: 12.0pt x 12.33511pt.
File: Portella/FU.png Graphic file (type png)
<use Portella/FU.png>
Package pdftex.def Info: Portella/FU.png  used on input line 111.
(pdftex.def)             Requested size: 12.0pt x 12.33511pt.
File: Portella/KY.png Graphic file (type png)
<use Portella/KY.png>
Package pdftex.def Info: Portella/KY.png  used on input line 111.
(pdftex.def)             Requested size: 12.0pt x 12.33511pt.
<Portella/KA.png, id=149, 249.93375pt x 256.96pt>
File: Portella/KA.png Graphic file (type png)
<use Portella/KA.png>
Package pdftex.def Info: Portella/KA.png  used on input line 111.
(pdftex.def)             Requested size: 12.0pt x 12.33511pt.
File: Portella/KI.png Graphic file (type png)
<use Portella/KI.png>
Package pdftex.def Info: Portella/KI.png  used on input line 111.
(pdftex.def)             Requested size: 12.0pt x 12.33511pt.
File: Portella/GI.png Graphic file (type png)
<use Portella/GI.png>
Package pdftex.def Info: Portella/GI.png  used on input line 111.
(pdftex.def)             Requested size: 12.0pt x 12.33511pt.
File: Portella/KE.png Graphic file (type png)
<use Portella/KE.png>
Package pdftex.def Info: Portella/KE.png  used on input line 111.
(pdftex.def)             Requested size: 12.0pt x 12.33511pt.
File: Portella/FU.png Graphic file (type png)
<use Portella/FU.png>
Package pdftex.def Info: Portella/FU.png  used on input line 111.
(pdftex.def)             Requested size: 12.0pt x 12.33511pt.


LaTeX Warning: `h' float specifier changed to `ht'.

[2] [3 <./Portella_2moji/KY.png> <./Portella_2moji/GY.png> <./Portella_2moji/FU.png> <./Portella_2moji/KI.png> <./Portella_2moji/NG.png> <./Portella_2moji/KE.png> <./Portella_2moji/RY.png> <./Portella_2moji/HI.png> <./Portella_2moji/GI.png> <./Portella_2moji/OU.png> <./Portella_2moji/KA.png> <./Portella/KY.png> <./Portella/GY.png> <./Portella/FU.png> <./Portella/KI.png> <./Portella/NG.png> <./Portella/KE.png> <./Portella/RY.png> <./Portella/HI.png> <./Portella/GI.png> <./Portella/OU.png> <./Portella/KA.png>]
Underfull \hbox (badness 10000) in paragraph at lines 162--163

 []

File: Portella_2moji/KY.png Graphic file (type png)
<use Portella_2moji/KY.png>
Package pdftex.def Info: Portella_2moji/KY.png  used on input line 180.
(pdftex.def)             Requested size: 12.0pt x 12.33511pt.
File: Portella_2moji/KE.png Graphic file (type png)
<use Portella_2moji/KE.png>
Package pdftex.def Info: Portella_2moji/KE.png  used on input line 180.
(pdftex.def)             Requested size: 12.0pt x 12.33511pt.
File: Portella_2moji/GI.png Graphic file (type png)
<use Portella_2moji/GI.png>
Package pdftex.def Info: Portella_2moji/GI.png  used on input line 180.
(pdftex.def)             Requested size: 12.0pt x 12.33511pt.
File: Portella_2moji/KI.png Graphic file (type png)
<use Portella_2moji/KI.png>
Package pdftex.def Info: Portella_2moji/KI.png  used on input line 180.
(pdftex.def)             Requested size: 12.0pt x 12.33511pt.
File: Portella_2moji/OU.png Graphic file (type png)
<use Portella_2moji/OU.png>
Package pdftex.def Info: Portella_2moji/OU.png  used on input line 180.
(pdftex.def)             Requested size: 12.0pt x 12.33511pt.
File: Portella_2moji/KI.png Graphic file (type png)
<use Portella_2moji/KI.png>
Package pdftex.def Info: Portella_2moji/KI.png  used on input line 180.
(pdftex.def)             Requested size: 12.0pt x 12.33511pt.
File: Portella_2moji/GI.png Graphic file (type png)
<use Portella_2moji/GI.png>
Package pdftex.def Info: Portella_2moji/GI.png  used on input line 180.
(pdftex.def)             Requested size: 12.0pt x 12.33511pt.
File: Portella_2moji/KE.png Graphic file (type png)
<use Portella_2moji/KE.png>
Package pdftex.def Info: Portella_2moji/KE.png  used on input line 180.
(pdftex.def)             Requested size: 12.0pt x 12.33511pt.
File: Portella_2moji/KY.png Graphic file (type png)
<use Portella_2moji/KY.png>
Package pdftex.def Info: Portella_2moji/KY.png  used on input line 180.
(pdftex.def)             Requested size: 12.0pt x 12.33511pt.
File: Portella_2moji/KA.png Graphic file (type png)
<use Portella_2moji/KA.png>
Package pdftex.def Info: Portella_2moji/KA.png  used on input line 180.
(pdftex.def)             Requested size: 12.0pt x 12.33511pt.
File: Portella_2moji/HI.png Graphic file (type png)
<use Portella_2moji/HI.png>
Package pdftex.def Info: Portella_2moji/HI.png  used on input line 180.
(pdftex.def)             Requested size: 12.0pt x 12.33511pt.
File: Portella_2moji/FU.png Graphic file (type png)
<use Portella_2moji/FU.png>
Package pdftex.def Info: Portella_2moji/FU.png  used on input line 180.
(pdftex.def)             Requested size: 12.0pt x 12.33511pt.
File: Portella_2moji/FU.png Graphic file (type png)
<use Portella_2moji/FU.png>
Package pdftex.def Info: Portella_2moji/FU.png  used on input line 180.
(pdftex.def)             Requested size: 12.0pt x 12.33511pt.
File: Portella_2moji/FU.png Graphic file (type png)
<use Portella_2moji/FU.png>
Package pdftex.def Info: Portella_2moji/FU.png  used on input line 180.
(pdftex.def)             Requested size: 12.0pt x 12.33511pt.
File: Portella_2moji/FU.png Graphic file (type png)
<use Portella_2moji/FU.png>
Package pdftex.def Info: Portella_2moji/FU.png  used on input line 180.
(pdftex.def)             Requested size: 12.0pt x 12.33511pt.
File: Portella_2moji/FU.png Graphic file (type png)
<use Portella_2moji/FU.png>
Package pdftex.def Info: Portella_2moji/FU.png  used on input line 180.
(pdftex.def)             Requested size: 12.0pt x 12.33511pt.
File: Portella_2moji/FU.png Graphic file (type png)
<use Portella_2moji/FU.png>
Package pdftex.def Info: Portella_2moji/FU.png  used on input line 180.
(pdftex.def)             Requested size: 12.0pt x 12.33511pt.
File: Portella_2moji/FU.png Graphic file (type png)
<use Portella_2moji/FU.png>
Package pdftex.def Info: Portella_2moji/FU.png  used on input line 180.
(pdftex.def)             Requested size: 12.0pt x 12.33511pt.
File: Portella_2moji/FU.png Graphic file (type png)
<use Portella_2moji/FU.png>
Package pdftex.def Info: Portella_2moji/FU.png  used on input line 180.
(pdftex.def)             Requested size: 12.0pt x 12.33511pt.
File: Portella_2moji/FU.png Graphic file (type png)
<use Portella_2moji/FU.png>
Package pdftex.def Info: Portella_2moji/FU.png  used on input line 180.
(pdftex.def)             Requested size: 12.0pt x 12.33511pt.
File: Portella_2moji/KY.png Graphic file (type png)
<use Portella_2moji/KY.png>
Package pdftex.def Info: Portella_2moji/KY.png  used on input line 180.
(pdftex.def)             Requested size: 12.0pt x 12.33511pt.
File: Portella_2moji/KE.png Graphic file (type png)
<use Portella_2moji/KE.png>
Package pdftex.def Info: Portella_2moji/KE.png  used on input line 180.
(pdftex.def)             Requested size: 12.0pt x 12.33511pt.
File: Portella_2moji/GI.png Graphic file (type png)
<use Portella_2moji/GI.png>
Package pdftex.def Info: Portella_2moji/GI.png  used on input line 180.
(pdftex.def)             Requested size: 12.0pt x 12.33511pt.
File: Portella_2moji/KI.png Graphic file (type png)
<use Portella_2moji/KI.png>
Package pdftex.def Info: Portella_2moji/KI.png  used on input line 180.
(pdftex.def)             Requested size: 12.0pt x 12.33511pt.
File: Portella_2moji/GY.png Graphic file (type png)
<use Portella_2moji/GY.png>
Package pdftex.def Info: Portella_2moji/GY.png  used on input line 180.
(pdftex.def)             Requested size: 12.0pt x 12.33511pt.
File: Portella_2moji/KI.png Graphic file (type png)
<use Portella_2moji/KI.png>
Package pdftex.def Info: Portella_2moji/KI.png  used on input line 180.
(pdftex.def)             Requested size: 12.0pt x 12.33511pt.
File: Portella_2moji/GI.png Graphic file (type png)
<use Portella_2moji/GI.png>
Package pdftex.def Info: Portella_2moji/GI.png  used on input line 180.
(pdftex.def)             Requested size: 12.0pt x 12.33511pt.
File: Portella_2moji/KE.png Graphic file (type png)
<use Portella_2moji/KE.png>
Package pdftex.def Info: Portella_2moji/KE.png  used on input line 180.
(pdftex.def)             Requested size: 12.0pt x 12.33511pt.
File: Portella_2moji/KY.png Graphic file (type png)
<use Portella_2moji/KY.png>
Package pdftex.def Info: Portella_2moji/KY.png  used on input line 180.
(pdftex.def)             Requested size: 12.0pt x 12.33511pt.
File: Portella_2moji/HI.png Graphic file (type png)
<use Portella_2moji/HI.png>
Package pdftex.def Info: Portella_2moji/HI.png  used on input line 180.
(pdftex.def)             Requested size: 12.0pt x 12.33511pt.
File: Portella_2moji/KA.png Graphic file (type png)
<use Portella_2moji/KA.png>
Package pdftex.def Info: Portella_2moji/KA.png  used on input line 180.
(pdftex.def)             Requested size: 12.0pt x 12.33511pt.
File: Portella_2moji/FU.png Graphic file (type png)
<use Portella_2moji/FU.png>
Package pdftex.def Info: Portella_2moji/FU.png  used on input line 180.
(pdftex.def)             Requested size: 12.0pt x 12.33511pt.
File: Portella_2moji/FU.png Graphic file (type png)
<use Portella_2moji/FU.png>
Package pdftex.def Info: Portella_2moji/FU.png  used on input line 180.
(pdftex.def)             Requested size: 12.0pt x 12.33511pt.
File: Portella_2moji/FU.png Graphic file (type png)
<use Portella_2moji/FU.png>
Package pdftex.def Info: Portella_2moji/FU.png  used on input line 180.
(pdftex.def)             Requested size: 12.0pt x 12.33511pt.
File: Portella_2moji/FU.png Graphic file (type png)
<use Portella_2moji/FU.png>
Package pdftex.def Info: Portella_2moji/FU.png  used on input line 180.
(pdftex.def)             Requested size: 12.0pt x 12.33511pt.
File: Portella_2moji/FU.png Graphic file (type png)
<use Portella_2moji/FU.png>
Package pdftex.def Info: Portella_2moji/FU.png  used on input line 180.
(pdftex.def)             Requested size: 12.0pt x 12.33511pt.
File: Portella_2moji/FU.png Graphic file (type png)
<use Portella_2moji/FU.png>
Package pdftex.def Info: Portella_2moji/FU.png  used on input line 180.
(pdftex.def)             Requested size: 12.0pt x 12.33511pt.
File: Portella_2moji/FU.png Graphic file (type png)
<use Portella_2moji/FU.png>
Package pdftex.def Info: Portella_2moji/FU.png  used on input line 180.
(pdftex.def)             Requested size: 12.0pt x 12.33511pt.
File: Portella_2moji/FU.png Graphic file (type png)
<use Portella_2moji/FU.png>
Package pdftex.def Info: Portella_2moji/FU.png  used on input line 180.
(pdftex.def)             Requested size: 12.0pt x 12.33511pt.
File: Portella_2moji/FU.png Graphic file (type png)
<use Portella_2moji/FU.png>
Package pdftex.def Info: Portella_2moji/FU.png  used on input line 180.
(pdftex.def)             Requested size: 12.0pt x 12.33511pt.
(./shogiban.tex) [4] (./main.aux)

LaTeX Warning: There were multiply-defined labels.

Package rerunfilecheck Info: File `main.out' has not changed.
(rerunfilecheck)             Checksum: C8F5719295F2707836A7032020D69DD1;780.
 ) 
Here is how much of TeX's memory you used:
 24486 strings out of 478023
 436718 string characters out of 5841208
 761284 words of memory out of 5000000
 42287 multiletter control sequences out of 15000+600000
 503777 words of font info for 158 fonts, out of 8000000 for 9000
 1141 hyphenation exceptions out of 8191
 100i,13n,104p,5450b,1096s stack positions out of 10000i,1000n,20000p,200000b,200000s
{/usr/share/texlive/texmf-dist/fonts/enc/dvips/ipaex-type1/ipxt1-u54.enc}{/usr/share/texlive/texmf-dist/fonts/enc/dvips/ipaex-type1/ipxt1-u6f.enc}{/usr/share/texlive/texmf-dist/fonts/enc/dvips/ipaex-type1/ipxt1-u7f.enc}{/usr/share/texlive/texmf-dist/fonts/enc/dvips/ipaex-type1/ipxt1-u70.enc}{/usr/share/texlive/texmf-dist/fonts/enc/dvips/ipaex-type1/ipxt1-u7b.enc}{/usr/share/texlive/texmf-dist/fonts/enc/dvips/ipaex-type1/ipxt1-u96.enc}{/usr/share/texlive/texmf-dist/fonts/enc/dvips/ipaex-type1/ipxt1-u90.enc}{/usr/share/texlive/texmf-dist/fonts/enc/dvips/ipaex-type1/ipxt1-uff.enc}{/usr/share/texlive/texmf-dist/fonts/enc/dvips/ipaex-type1/ipxt1-u5c.enc}{/usr/share/texlive/texmf-dist/fonts/enc/dvips/ipaex-type1/ipxt1-u57.enc}{/usr/share/texlive/texmf-dist/fonts/enc/dvips/ipaex-type1/ipxt1-u6a.enc}{/usr/share/texlive/texmf-dist/fonts/enc/dvips/ipaex-type1/ipxt1-u5e.enc}{/usr/share/texlive/texmf-dist/fonts/enc/dvips/ipaex-type1/ipxt1-u67.enc}{/usr/share/texlive/texmf-dist/fonts/enc/dvips/ipaex-type1/ipxt1-u72.enc}{/usr/share/texlive/texmf-dist/fonts/enc/dvips/ipaex-type1/ipxt1-u61.enc}{/usr/share/texlive/texmf-dist/fonts/enc/dvips/ipaex-type1/ipxt1-u6c.enc}{/usr/share/texlive/texmf-dist/fonts/enc/dvips/ipaex-type1/ipxt1-u5f.enc}{/usr/share/texlive/texmf-dist/fonts/enc/dvips/ipaex-type1/ipxt1-u52.enc}{/usr/share/texlive/texmf-dist/fonts/enc/dvips/ipaex-type1/ipxt1-u98.enc}{/usr/share/texlive/texmf-dist/fonts/enc/dvips/ipaex-type1/ipxt1-u73.enc}{/usr/share/texlive/texmf-dist/fonts/enc/dvips/ipaex-type1/ipxt1-u91.enc}{/usr/share/texlive/texmf-dist/fonts/enc/dvips/ipaex-type1/ipxt1-u92.enc}{/usr/share/texlive/texmf-dist/fonts/enc/dvips/ipaex-type1/ipxt1-u99.enc}{/usr/share/texlive/texmf-dist/fonts/enc/dvips/ipaex-type1/ipxt1-u63.enc}{/usr/share/texlive/texmf-dist/fonts/enc/dvips/ipaex-type1/ipxt1-u26.enc}{/usr/share/texlive/texmf-dist/fonts/enc/dvips/ipaex-type1/ipxt1-u56.enc}{/usr/share/texlive/texmf-dist/fonts/enc/dvips/ipaex-type1/ipxt1-u7a.enc}{/usr/share/texlive/texmf-dist/fonts/enc/dvips/ipaex-type1/ipxt1-u89.enc}{/usr/share/texlive/texmf-dist/fonts/enc/dvips/ipaex-type1/ipxt1-u66.enc}{/usr/share/texlive/texmf-dist/fonts/enc/dvips/ipaex-type1/ipxt1-u30.enc}{/usr/share/texlive/texmf-dist/fonts/enc/dvips/ipaex-type1/ipxt1-u62.enc}{/usr/share/texlive/texmf-dist/fonts/enc/dvips/ipaex-type1/ipxt1-u51.enc}{/usr/share/texlive/texmf-dist/fonts/enc/dvips/ipaex-type1/ipxt1-u8f.enc}{/usr/share/texlive/texmf-dist/fonts/enc/dvips/ipaex-type1/ipxt1-u53.enc}{/usr/share/texlive/texmf-dist/fonts/enc/dvips/ipaex-type1/ipxt1-u50.enc}{/usr/share/texlive/texmf-dist/fonts/enc/dvips/ipaex-type1/ipxt1-u75.enc}{/usr/share/texlive/texmf-dist/fonts/enc/dvips/ipaex-type1/ipxt1-u6b.enc}{/usr/share/texlive/texmf-dist/fonts/enc/dvips/ipaex-type1/ipxt1-u65.enc}{/usr/share/texlive/texmf-dist/fonts/enc/dvips/ipaex-type1/ipxt1-u5b.enc}{/usr/share/texlive/texmf-dist/fonts/enc/dvips/ipaex-type1/ipxt1-u82.enc}{/usr/share/texlive/texmf-dist/fonts/enc/dvips/ipaex-type1/ipxt1-u4e.enc}{/usr/share/texlive/texmf-dist/fonts/enc/dvips/ipaex-type1/ipxt1-u8b.enc}{/usr/share/texlive/texmf-dist/fonts/enc/dvips/ipaex-type1/ipxt1-u68.enc}{/usr/share/texlive/texmf-dist/fonts/enc/dvips/ipaex-type1/ipxt1-u8a.enc}{/usr/share/texlive/texmf-dist/fonts/enc/dvips/ipaex-type1/ipxt1-u97.enc}{/usr/share/texlive/texmf-dist/fonts/enc/dvips/ipaex-type1/ipxt1-u76.enc}{/usr/share/texlive/texmf-dist/fonts/enc/dvips/ipaex-type1/ipxt1-u59.enc}{/usr/share/texlive/texmf-dist/fonts/enc/dvips/ipaex-type1/ipxt1-u4f.enc}{/usr/share/texlive/texmf-dist/fonts/enc/dvips/ipaex-type1/ipxt1-u88.enc}</usr/share/texlive/texmf-dist/fonts/type1/public/amsfonts/cm/cmbx10.pfb></usr/share/texlive/texmf-dist/fonts/type1/public/amsfonts/cm/cmbx12.pfb></usr/share/texlive/texmf-dist/fonts/type1/public/amsfonts/cm/cmr10.pfb></usr/share/texlive/texmf-dist/fonts/type1/public/amsfonts/cm/cmr12.pfb></usr/share/texlive/texmf-dist/fonts/type1/public/amsfonts/cm/cmr17.pfb></usr/share/texlive/texmf-dist/fonts/type1/public/amsfonts/cm/cmr5.pfb></usr/share/texlive/texmf-dist/fonts/type1/public/amsfonts/cm/cmtt10.pfb></usr/share/texlive/texmf-dist/fonts/type1/public/ipaex-type1/ipxg-r-u4e.pfb></usr/share/texlive/texmf-dist/fonts/type1/public/ipaex-type1/ipxg-r-u52.pfb></usr/share/texlive/texmf-dist/fonts/type1/public/ipaex-type1/ipxg-r-u5b.pfb></usr/share/texlive/texmf-dist/fonts/type1/public/ipaex-type1/ipxg-r-u5c.pfb></usr/share/texlive/texmf-dist/fonts/type1/public/ipaex-type1/ipxg-r-u62.pfb></usr/share/texlive/texmf-dist/fonts/type1/public/ipaex-type1/ipxg-r-u63.pfb></usr/share/texlive/texmf-dist/fonts/type1/public/ipaex-type1/ipxg-r-u65.pfb></usr/share/texlive/texmf-dist/fonts/type1/public/ipaex-type1/ipxg-r-u68.pfb></usr/share/texlive/texmf-dist/fonts/type1/public/ipaex-type1/ipxg-r-u75.pfb></usr/share/texlive/texmf-dist/fonts/type1/public/ipaex-type1/ipxg-r-u76.pfb></usr/share/texlive/texmf-dist/fonts/type1/public/ipaex-type1/ipxg-r-u82.pfb></usr/share/texlive/texmf-dist/fonts/type1/public/ipaex-type1/ipxg-r-u89.pfb></usr/share/texlive/texmf-dist/fonts/type1/public/ipaex-type1/ipxg-r-u8a.pfb></usr/share/texlive/texmf-dist/fonts/type1/public/ipaex-type1/ipxg-r-u8b.pfb></usr/share/texlive/texmf-dist/fonts/type1/public/ipaex-type1/ipxg-r-u90.pfb></usr/share/texlive/texmf-dist/fonts/type1/public/ipaex-type1/ipxg-r-u97.pfb></usr/share/texlive/texmf-dist/fonts/type1/public/ipaex-type1/ipxg-r-uff.pfb></usr/share/texlive/texmf-dist/fonts/type1/public/ipaex-type1/ipxm-r-u26.pfb></usr/share/texlive/texmf-dist/fonts/type1/public/ipaex-type1/ipxm-r-u30.pfb></usr/share/texlive/texmf-dist/fonts/type1/public/ipaex-type1/ipxm-r-u4e.pfb></usr/share/texlive/texmf-dist/fonts/type1/public/ipaex-type1/ipxm-r-u4f.pfb></usr/share/texlive/texmf-dist/fonts/type1/public/ipaex-type1/ipxm-r-u50.pfb></usr/share/texlive/texmf-dist/fonts/type1/public/ipaex-type1/ipxm-r-u51.pfb></usr/share/texlive/texmf-dist/fonts/type1/public/ipaex-type1/ipxm-r-u52.pfb></usr/share/texlive/texmf-dist/fonts/type1/public/ipaex-type1/ipxm-r-u53.pfb></usr/share/texlive/texmf-dist/fonts/type1/public/ipaex-type1/ipxm-r-u54.pfb></usr/share/texlive/texmf-dist/fonts/type1/public/ipaex-type1/ipxm-r-u56.pfb></usr/share/texlive/texmf-dist/fonts/type1/public/ipaex-type1/ipxm-r-u57.pfb></usr/share/texlive/texmf-dist/fonts/type1/public/ipaex-type1/ipxm-r-u59.pfb></usr/share/texlive/texmf-dist/fonts/type1/public/ipaex-type1/ipxm-r-u5b.pfb></usr/share/texlive/texmf-dist/fonts/type1/public/ipaex-type1/ipxm-r-u5c.pfb></usr/share/texlive/texmf-dist/fonts/type1/public/ipaex-type1/ipxm-r-u5e.pfb></usr/share/texlive/texmf-dist/fonts/type1/public/ipaex-type1/ipxm-r-u5f.pfb></usr/share/texlive/texmf-dist/fonts/type1/public/ipaex-type1/ipxm-r-u61.pfb></usr/share/texlive/texmf-dist/fonts/type1/public/ipaex-type1/ipxm-r-u62.pfb></usr/share/texlive/texmf-dist/fonts/type1/public/ipaex-type1/ipxm-r-u63.pfb></usr/share/texlive/texmf-dist/fonts/type1/public/ipaex-type1/ipxm-r-u65.pfb></usr/share/texlive/texmf-dist/fonts/type1/public/ipaex-type1/ipxm-r-u66.pfb></usr/share/texlive/texmf-dist/fonts/type1/public/ipaex-type1/ipxm-r-u67.pfb></usr/share/texlive/texmf-dist/fonts/type1/public/ipaex-type1/ipxm-r-u68.pfb></usr/share/texlive/texmf-dist/fonts/type1/public/ipaex-type1/ipxm-r-u6a.pfb></usr/share/texlive/texmf-dist/fonts/type1/public/ipaex-type1/ipxm-r-u6b.pfb></usr/share/texlive/texmf-dist/fonts/type1/public/ipaex-type1/ipxm-r-u6c.pfb></usr/share/texlive/texmf-dist/fonts/type1/public/ipaex-type1/ipxm-r-u6f.pfb></usr/share/texlive/texmf-dist/fonts/type1/public/ipaex-type1/ipxm-r-u70.pfb></usr/share/texlive/texmf-dist/fonts/type1/public/ipaex-type1/ipxm-r-u72.pfb></usr/share/texlive/texmf-dist/fonts/type1/public/ipaex-type1/ipxm-r-u73.pfb></usr/share/texlive/texmf-dist/fonts/type1/public/ipaex-type1/ipxm-r-u75.pfb></usr/share/texlive/texmf-dist/fonts/type1/public/ipaex-type1/ipxm-r-u76.pfb></usr/share/texlive/texmf-dist/fonts/type1/public/ipaex-type1/ipxm-r-u7a.pfb></usr/share/texlive/texmf-dist/fonts/type1/public/ipaex-type1/ipxm-r-u7b.pfb></usr/share/texlive/texmf-dist/fonts/type1/public/ipaex-type1/ipxm-r-u7f.pfb></usr/share/texlive/texmf-dist/fonts/type1/public/ipaex-type1/ipxm-r-u82.pfb></usr/share/texlive/texmf-dist/fonts/type1/public/ipaex-type1/ipxm-r-u88.pfb></usr/share/texlive/texmf-dist/fonts/type1/public/ipaex-type1/ipxm-r-u89.pfb></usr/share/texlive/texmf-dist/fonts/type1/public/ipaex-type1/ipxm-r-u8a.pfb></usr/share/texlive/texmf-dist/fonts/type1/public/ipaex-type1/ipxm-r-u8b.pfb></usr/share/texlive/texmf-dist/fonts/type1/public/ipaex-type1/ipxm-r-u8f.pfb></usr/share/texlive/texmf-dist/fonts/type1/public/ipaex-type1/ipxm-r-u90.pfb></usr/share/texlive/texmf-dist/fonts/type1/public/ipaex-type1/ipxm-r-u91.pfb></usr/share/texlive/texmf-dist/fonts/type1/public/ipaex-type1/ipxm-r-u92.pfb></usr/share/texlive/texmf-dist/fonts/type1/public/ipaex-type1/ipxm-r-u96.pfb></usr/share/texlive/texmf-dist/fonts/type1/public/ipaex-type1/ipxm-r-u97.pfb></usr/share/texlive/texmf-dist/fonts/type1/public/ipaex-type1/ipxm-r-u98.pfb></usr/share/texlive/texmf-dist/fonts/type1/public/ipaex-type1/ipxm-r-u99.pfb></usr/share/texlive/texmf-dist/fonts/type1/public/ipaex-type1/ipxm-r-uff.pfb>
Output written on main.pdf (4 pages, 1086650 bytes).
PDF statistics:
 607 PDF objects out of 1000 (max. 8388607)
 358 compressed objects within 4 object streams
 35 named destinations out of 1000 (max. 500000)
 383 words of extra memory for PDF output out of 10000 (max. 10000000)

